2025-03-19 17:44:08,247 - INFO - TestSkript Uart connection und Uart WebSocket gestartet
2025-03-19 17:44:09,249 - INFO - Serielle Verbindung geöffnet: /dev/ttyS0 bei 115200 Baud.
2025-03-19 17:44:09,250 - INFO - Starte Server mit IP: 192.168.1.114, WebSocket Port: 80, Stream Port: 7123, UART Port: 8765
2025-03-19 17:44:09,251 - INFO - Starting Picamera2...
2025-03-19 17:44:09,284 - INFO - Initialization successful.
2025-03-19 17:44:09,285 - INFO - Camera now open.
2025-03-19 17:44:09,291 - INFO - Configuration successful!
2025-03-19 17:44:09,301 - INFO - StreamingOutput initialized.
2025-03-19 17:44:09,392 - INFO - Camera started
2025-03-19 17:44:09,436 - INFO - Streaming Server läuft auf http://192.168.1.114:7123
2025-03-19 17:44:09,437 - INFO - Starte WebSocket-Server und Datenüberwachung...
2025-03-19 17:44:09,483 - INFO - Starte WebSocket-Server...
2025-03-19 17:44:09,484 - INFO - server listening on 192.168.1.114:5678
2025-03-19 17:44:09,485 - INFO - WebSocket-Server Log läuft auf ws://192.168.1.114:5678
2025-03-19 17:44:09,485 - INFO - server listening on 192.168.1.114:8765
2025-03-19 17:44:09,485 - INFO - WebSocket-Server läuft auf ws://192.168.1.114:8765
2025-03-19 17:44:09,838 - INFO - connection open
2025-03-19 17:44:17,223 - INFO - connection open
2025-03-19 17:44:17,231 - INFO - Received GET request: /stream.mjpg
2025-03-19 17:44:18,329 - INFO - Neue Daten empfangen: [128, 128, 116, 124]
2025-03-19 17:44:18,330 - INFO - Gesendet an /dev/ttyS0 (ESP32): 4, 128, 128, 116, 124
2025-03-19 17:44:18,431 - INFO - Antwort vom ESP32 erhalten: 4, 128, 128, 116, 124
2025-03-19 17:44:18,533 - INFO - Neue Daten empfangen: [128, 128, 116, 99]
2025-03-19 17:44:18,534 - INFO - Gesendet an /dev/ttyS0 (ESP32): 4, 128, 128, 116, 99
2025-03-19 17:44:18,636 - INFO - Antwort vom ESP32 erhalten: 4, 128, 128, 116, 99
2025-03-19 17:44:18,736 - INFO - Neue Daten empfangen: [128, 128, 116, 80]
2025-03-19 17:44:18,737 - INFO - Gesendet an /dev/ttyS0 (ESP32): 4, 128, 128, 116, 80
2025-03-19 17:44:18,838 - INFO - Antwort vom ESP32 erhalten: 4, 128, 128, 116, 80
2025-03-19 17:44:18,940 - INFO - Neue Daten empfangen: [128, 128, 121, 72]
2025-03-19 17:44:18,941 - INFO - Gesendet an /dev/ttyS0 (ESP32): 4, 128, 128, 121, 72
2025-03-19 17:44:19,042 - INFO - Antwort vom ESP32 erhalten: 4, 128, 128, 121, 72
2025-03-19 17:44:19,143 - INFO - Neue Daten empfangen: [128, 128, 138, 60]
2025-03-19 17:44:19,144 - INFO - Gesendet an /dev/ttyS0 (ESP32): 4, 128, 128, 138, 60
2025-03-19 17:44:19,245 - INFO - Antwort vom ESP32 erhalten: 4, 128, 128, 138, 60
2025-03-19 17:44:19,346 - INFO - Neue Daten empfangen: [128, 128, 162, 65]
2025-03-19 17:44:19,346 - INFO - Gesendet an /dev/ttyS0 (ESP32): 4, 128, 128, 162, 65
2025-03-19 17:44:19,447 - INFO - Antwort vom ESP32 erhalten: 4, 128, 128, 162, 65
2025-03-19 17:44:19,549 - INFO - Neue Daten empfangen: [128, 128, 181, 84]
2025-03-19 17:44:19,549 - INFO - Gesendet an /dev/ttyS0 (ESP32): 4, 128, 128, 181, 84
2025-03-19 17:44:19,650 - INFO - Antwort vom ESP32 erhalten: 4, 128, 128, 181, 84
2025-03-19 17:44:19,752 - INFO - Neue Daten empfangen: [128, 128, 186, 111]
2025-03-19 17:44:19,752 - INFO - Gesendet an /dev/ttyS0 (ESP32): 4, 128, 128, 186, 111
2025-03-19 17:44:19,854 - INFO - Antwort vom ESP32 erhalten: 4, 128, 128, 186, 111
2025-03-19 17:44:19,955 - INFO - Neue Daten empfangen: [128, 128, 183, 121]
2025-03-19 17:44:19,955 - INFO - Gesendet an /dev/ttyS0 (ESP32): 4, 128, 128, 183, 121
2025-03-19 17:44:20,057 - INFO - Antwort vom ESP32 erhalten: 4, 128, 128, 183, 121
2025-03-19 17:44:20,158 - INFO - Neue Daten empfangen: [128, 128, 184, 123]
2025-03-19 17:44:20,159 - INFO - Gesendet an /dev/ttyS0 (ESP32): 4, 128, 128, 184, 123
2025-03-19 17:44:20,262 - INFO - Antwort vom ESP32 erhalten: 4, 128, 128, 184, 123
2025-03-19 17:44:20,363 - INFO - Neue Daten empfangen: [128, 128, 188, 124]
2025-03-19 17:44:20,364 - INFO - Gesendet an /dev/ttyS0 (ESP32): 4, 128, 128, 188, 124
2025-03-19 17:44:20,465 - INFO - Antwort vom ESP32 erhalten: 4, 128, 128, 188, 124
2025-03-19 17:44:20,566 - INFO - Neue Daten empfangen: [128, 128, 189, 124]
2025-03-19 17:44:20,567 - INFO - Gesendet an /dev/ttyS0 (ESP32): 4, 128, 128, 189, 124
2025-03-19 17:44:20,668 - INFO - Antwort vom ESP32 erhalten: 4, 128, 128, 189, 124
2025-03-19 17:44:20,770 - INFO - Neue Daten empfangen: [128, 128, 191, 126]
2025-03-19 17:44:20,770 - INFO - Gesendet an /dev/ttyS0 (ESP32): 4, 128, 128, 191, 126
2025-03-19 17:44:20,872 - INFO - Antwort vom ESP32 erhalten: 4, 128, 128, 191, 126
2025-03-19 17:44:20,974 - INFO - Neue Daten empfangen: [128, 128, 193, 126]
2025-03-19 17:44:20,975 - INFO - Gesendet an /dev/ttyS0 (ESP32): 4, 128, 128, 193, 126
2025-03-19 17:44:21,079 - INFO - Antwort vom ESP32 erhalten: 4, 128, 128, 193, 126
2025-03-19 17:44:21,180 - INFO - Neue Daten empfangen: [128, 128, 208, 128]
2025-03-19 17:44:21,180 - INFO - Gesendet an /dev/ttyS0 (ESP32): 4, 128, 128, 208, 128
2025-03-19 17:44:21,282 - INFO - Antwort vom ESP32 erhalten: 4, 128, 128, 208, 128
2025-03-19 17:44:21,383 - INFO - Neue Daten empfangen: [128, 128, 255, 128]
2025-03-19 17:44:21,383 - INFO - Gesendet an /dev/ttyS0 (ESP32): 4, 128, 128, 255, 128
2025-03-19 17:44:21,485 - INFO - Antwort vom ESP32 erhalten: 4, 128, 128, 255, 128
2025-03-19 17:44:21,586 - INFO - Neue Daten empfangen: [128, 128, 255, 127]
2025-03-19 17:44:21,587 - INFO - Gesendet an /dev/ttyS0 (ESP32): 4, 128, 128, 255, 127
2025-03-19 17:44:21,688 - INFO - Antwort vom ESP32 erhalten: 4, 128, 128, 255, 127
2025-03-19 17:44:22,796 - INFO - Neue Daten empfangen: [128, 128, 255, 128]
2025-03-19 17:44:22,797 - INFO - Gesendet an /dev/ttyS0 (ESP32): 4, 128, 128, 255, 128
2025-03-19 17:44:22,900 - INFO - Antwort vom ESP32 erhalten: 4, 128, 128, 255, 128
2025-03-19 17:44:26,716 - INFO - Neue Daten empfangen: [128, 128, 255, 126]
2025-03-19 17:44:26,717 - INFO - Gesendet an /dev/ttyS0 (ESP32): 4, 128, 128, 255, 126
2025-03-19 17:44:26,817 - INFO - Antwort vom ESP32 erhalten: 4, 128, 128, 255, 126
2025-03-19 17:44:26,920 - INFO - Neue Daten empfangen: [128, 128, 255, 123]
2025-03-19 17:44:26,920 - INFO - Gesendet an /dev/ttyS0 (ESP32): 4, 128, 128, 255, 123
2025-03-19 17:44:27,021 - INFO - Antwort vom ESP32 erhalten: 4, 128, 128, 255, 123
2025-03-19 17:44:27,122 - INFO - Neue Daten empfangen: [128, 128, 255, 122]
2025-03-19 17:44:27,122 - INFO - Gesendet an /dev/ttyS0 (ESP32): 4, 128, 128, 255, 122
2025-03-19 17:44:27,224 - INFO - Antwort vom ESP32 erhalten: 4, 128, 128, 255, 122
2025-03-19 17:44:30,542 - INFO - Neue Daten empfangen: [128, 128, 255, 121]
2025-03-19 17:44:30,542 - INFO - Gesendet an /dev/ttyS0 (ESP32): 4, 128, 128, 255, 121
2025-03-19 17:44:30,643 - INFO - Antwort vom ESP32 erhalten: 4, 128, 128, 255, 121
2025-03-19 17:44:30,745 - INFO - Neue Daten empfangen: [128, 128, 255, 120]
2025-03-19 17:44:30,745 - INFO - Gesendet an /dev/ttyS0 (ESP32): 4, 128, 128, 255, 120
2025-03-19 17:44:30,847 - INFO - Antwort vom ESP32 erhalten: 4, 128, 128, 255, 120
2025-03-19 17:44:30,947 - INFO - Neue Daten empfangen: [128, 128, 252, 100]
2025-03-19 17:44:30,948 - INFO - Gesendet an /dev/ttyS0 (ESP32): 4, 128, 128, 252, 100
2025-03-19 17:44:31,049 - INFO - Antwort vom ESP32 erhalten: 4, 128, 128, 252, 100
2025-03-19 17:44:31,150 - INFO - Neue Daten empfangen: [128, 128, 245, 77]
2025-03-19 17:44:31,151 - INFO - Gesendet an /dev/ttyS0 (ESP32): 4, 128, 128, 245, 77
2025-03-19 17:44:31,252 - INFO - Antwort vom ESP32 erhalten: 4, 128, 128, 245, 77
2025-03-19 17:44:31,353 - INFO - Neue Daten empfangen: [128, 128, 235, 59]
2025-03-19 17:44:31,354 - INFO - Gesendet an /dev/ttyS0 (ESP32): 4, 128, 128, 235, 59
2025-03-19 17:44:31,455 - INFO - Antwort vom ESP32 erhalten: 4, 128, 128, 235, 59
2025-03-19 17:44:31,555 - INFO - Neue Daten empfangen: [128, 128, 180, 11]
2025-03-19 17:44:31,556 - INFO - Gesendet an /dev/ttyS0 (ESP32): 4, 128, 128, 180, 11
2025-03-19 17:44:31,659 - INFO - Antwort vom ESP32 erhalten: 4, 128, 128, 180, 11
2025-03-19 17:44:31,760 - INFO - Neue Daten empfangen: [128, 128, 151, 2]
2025-03-19 17:44:31,760 - INFO - Gesendet an /dev/ttyS0 (ESP32): 4, 128, 128, 151, 2
2025-03-19 17:44:31,862 - INFO - Antwort vom ESP32 erhalten: 4, 128, 128, 151, 2
2025-03-19 17:44:31,963 - INFO - Neue Daten empfangen: [128, 128, 140, 1]
2025-03-19 17:44:31,963 - INFO - Gesendet an /dev/ttyS0 (ESP32): 4, 128, 128, 140, 1
2025-03-19 17:44:32,064 - INFO - Antwort vom ESP32 erhalten: 4, 128, 128, 140, 1
2025-03-19 17:44:32,166 - INFO - Neue Daten empfangen: [128, 128, 139, 1]
2025-03-19 17:44:32,167 - INFO - Gesendet an /dev/ttyS0 (ESP32): 4, 128, 128, 139, 1
2025-03-19 17:44:32,268 - INFO - Antwort vom ESP32 erhalten: 4, 128, 128, 139, 1
2025-03-19 17:44:32,369 - INFO - Neue Daten empfangen: [128, 128, 137, 1]
2025-03-19 17:44:32,369 - INFO - Gesendet an /dev/ttyS0 (ESP32): 4, 128, 128, 137, 1
2025-03-19 17:44:32,471 - INFO - Antwort vom ESP32 erhalten: 4, 128, 128, 137, 1
2025-03-19 17:44:32,572 - INFO - Neue Daten empfangen: [128, 128, 136, 1]
2025-03-19 17:44:32,573 - INFO - Gesendet an /dev/ttyS0 (ESP32): 4, 128, 128, 136, 1
2025-03-19 17:44:32,674 - INFO - Antwort vom ESP32 erhalten: 4, 128, 128, 136, 1
2025-03-19 17:44:32,775 - INFO - Neue Daten empfangen: [128, 128, 135, 0]
2025-03-19 17:44:32,776 - INFO - Gesendet an /dev/ttyS0 (ESP32): 4, 128, 128, 135, 0
2025-03-19 17:44:32,877 - INFO - Antwort vom ESP32 erhalten: 4, 128, 128, 135, 0
2025-03-19 17:44:33,581 - INFO - Neue Daten empfangen: [128, 128, 134, 0]
2025-03-19 17:44:33,582 - INFO - Gesendet an /dev/ttyS0 (ESP32): 4, 128, 128, 134, 0
2025-03-19 17:44:33,683 - INFO - Antwort vom ESP32 erhalten: 4, 128, 128, 134, 0
2025-03-19 17:44:33,785 - INFO - Neue Daten empfangen: [128, 128, 132, 0]
2025-03-19 17:44:33,785 - INFO - Gesendet an /dev/ttyS0 (ESP32): 4, 128, 128, 132, 0
2025-03-19 17:44:33,887 - INFO - Antwort vom ESP32 erhalten: 4, 128, 128, 132, 0
2025-03-19 17:44:34,490 - INFO - Neue Daten empfangen: [128, 128, 131, 0]
2025-03-19 17:44:34,491 - INFO - Gesendet an /dev/ttyS0 (ESP32): 4, 128, 128, 131, 0
2025-03-19 17:44:34,592 - INFO - Antwort vom ESP32 erhalten: 4, 128, 128, 131, 0
2025-03-19 17:44:34,694 - INFO - Neue Daten empfangen: [128, 128, 130, 0]
2025-03-19 17:44:34,695 - INFO - Gesendet an /dev/ttyS0 (ESP32): 4, 128, 128, 130, 0
2025-03-19 17:44:34,796 - INFO - Antwort vom ESP32 erhalten: 4, 128, 128, 130, 0
2025-03-19 17:44:34,998 - INFO - Neue Daten empfangen: [128, 128, 129, 0]
2025-03-19 17:44:34,998 - INFO - Gesendet an /dev/ttyS0 (ESP32): 4, 128, 128, 129, 0
2025-03-19 17:44:35,100 - INFO - Antwort vom ESP32 erhalten: 4, 128, 128, 129, 0
2025-03-19 17:44:35,302 - INFO - Neue Daten empfangen: [128, 128, 128, 0]
2025-03-19 17:44:35,303 - INFO - Gesendet an /dev/ttyS0 (ESP32): 4, 128, 128, 128, 0
2025-03-19 17:44:35,404 - INFO - Antwort vom ESP32 erhalten: 4, 128, 128, 128, 0
2025-03-19 17:44:35,505 - INFO - Neue Daten empfangen: [128, 128, 127, 0]
2025-03-19 17:44:35,506 - INFO - Gesendet an /dev/ttyS0 (ESP32): 4, 128, 128, 127, 0
2025-03-19 17:44:35,607 - INFO - Antwort vom ESP32 erhalten: 4, 128, 128, 127, 0
2025-03-19 17:44:36,211 - INFO - Neue Daten empfangen: [128, 128, 128, 0]
2025-03-19 17:44:36,212 - INFO - Gesendet an /dev/ttyS0 (ESP32): 4, 128, 128, 128, 0
2025-03-19 17:44:36,313 - INFO - Antwort vom ESP32 erhalten: 4, 128, 128, 128, 0
2025-03-19 17:44:36,414 - INFO - Neue Daten empfangen: [128, 128, 129, 0]
2025-03-19 17:44:36,415 - INFO - Gesendet an /dev/ttyS0 (ESP32): 4, 128, 128, 129, 0
2025-03-19 17:44:36,517 - INFO - Antwort vom ESP32 erhalten: 4, 128, 128, 129, 0
2025-03-19 17:44:37,322 - INFO - Neue Daten empfangen: [128, 128, 128, 0]
2025-03-19 17:44:37,322 - INFO - Gesendet an /dev/ttyS0 (ESP32): 4, 128, 128, 128, 0
2025-03-19 17:44:37,424 - INFO - Antwort vom ESP32 erhalten: 4, 128, 128, 128, 0
2025-03-19 17:44:37,525 - INFO - Neue Daten empfangen: [128, 128, 127, 0]
2025-03-19 17:44:37,526 - INFO - Gesendet an /dev/ttyS0 (ESP32): 4, 128, 128, 127, 0
2025-03-19 17:44:37,627 - INFO - Antwort vom ESP32 erhalten: 4, 128, 128, 127, 0
2025-03-19 17:44:38,634 - INFO - Neue Daten empfangen: [128, 128, 128, 0]
2025-03-19 17:44:38,634 - INFO - Gesendet an /dev/ttyS0 (ESP32): 4, 128, 128, 128, 0
2025-03-19 17:44:38,736 - INFO - Antwort vom ESP32 erhalten: 4, 128, 128, 128, 0
2025-03-19 17:44:42,554 - INFO - Neue Daten empfangen: [128, 128, 124, 0]
2025-03-19 17:44:42,555 - INFO - Gesendet an /dev/ttyS0 (ESP32): 4, 128, 128, 124, 0
2025-03-19 17:44:42,659 - INFO - Antwort vom ESP32 erhalten: 4, 128, 128, 124, 0
2025-03-19 17:44:42,761 - INFO - Neue Daten empfangen: [128, 128, 98, 4]
2025-03-19 17:44:42,761 - INFO - Gesendet an /dev/ttyS0 (ESP32): 4, 128, 128, 98, 4
2025-03-19 17:44:42,862 - INFO - Antwort vom ESP32 erhalten: 4, 128, 128, 98, 4
2025-03-19 17:44:42,963 - INFO - Neue Daten empfangen: [128, 128, 51, 26]
2025-03-19 17:44:42,963 - INFO - Gesendet an /dev/ttyS0 (ESP32): 4, 128, 128, 51, 26
2025-03-19 17:44:43,064 - INFO - Antwort vom ESP32 erhalten: 4, 128, 128, 51, 26
2025-03-19 17:44:43,166 - INFO - Neue Daten empfangen: [128, 128, 24, 54]
2025-03-19 17:44:43,166 - INFO - Gesendet an /dev/ttyS0 (ESP32): 4, 128, 128, 24, 54
2025-03-19 17:44:43,267 - INFO - Antwort vom ESP32 erhalten: 4, 128, 128, 24, 54
2025-03-19 17:44:43,368 - INFO - Neue Daten empfangen: [128, 128, 1, 111]
2025-03-19 17:44:43,369 - INFO - Gesendet an /dev/ttyS0 (ESP32): 4, 128, 128, 1, 111
2025-03-19 17:44:43,470 - INFO - Antwort vom ESP32 erhalten: 4, 128, 128, 1, 111
2025-03-19 17:44:43,572 - INFO - Neue Daten empfangen: [128, 128, 15, 187]
2025-03-19 17:44:43,572 - INFO - Gesendet an /dev/ttyS0 (ESP32): 4, 128, 128, 15, 187
2025-03-19 17:44:43,674 - INFO - Antwort vom ESP32 erhalten: 4, 128, 128, 15, 187
2025-03-19 17:44:43,775 - INFO - Neue Daten empfangen: [128, 128, 44, 224]
2025-03-19 17:44:43,776 - INFO - Gesendet an /dev/ttyS0 (ESP32): 4, 128, 128, 44, 224
2025-03-19 17:44:43,877 - INFO - Antwort vom ESP32 erhalten: 4, 128, 128, 44, 224
2025-03-19 17:44:43,978 - INFO - Neue Daten empfangen: [128, 128, 128, 128]
2025-03-19 17:44:43,979 - INFO - Gesendet an /dev/ttyS0 (ESP32): 4, 128, 128, 128, 128
2025-03-19 17:44:44,080 - INFO - Antwort vom ESP32 erhalten: 4, 128, 128, 128, 128
2025-03-19 17:44:48,401 - INFO - Neue Daten empfangen: [128, 128, 128, 75]
2025-03-19 17:44:48,402 - INFO - Gesendet an /dev/ttyS0 (ESP32): 4, 128, 128, 128, 75
2025-03-19 17:44:48,503 - INFO - Antwort vom ESP32 erhalten: 4, 128, 128, 128, 75
2025-03-19 17:44:48,604 - INFO - Neue Daten empfangen: [128, 128, 127, 0]
2025-03-19 17:44:48,605 - INFO - Gesendet an /dev/ttyS0 (ESP32): 4, 128, 128, 127, 0
2025-03-19 17:44:48,706 - INFO - Antwort vom ESP32 erhalten: 4, 128, 128, 127, 0
2025-03-19 17:44:48,807 - INFO - Neue Daten empfangen: [128, 128, 125, 157]
2025-03-19 17:44:48,808 - INFO - Gesendet an /dev/ttyS0 (ESP32): 4, 128, 128, 125, 157
2025-03-19 17:44:48,909 - INFO - Antwort vom ESP32 erhalten: 4, 128, 128, 125, 157
2025-03-19 17:44:49,010 - INFO - Neue Daten empfangen: [128, 128, 147, 215]
2025-03-19 17:44:49,011 - INFO - Gesendet an /dev/ttyS0 (ESP32): 4, 128, 128, 147, 215
2025-03-19 17:44:49,112 - INFO - Antwort vom ESP32 erhalten: 4, 128, 128, 147, 215
2025-03-19 17:44:49,214 - INFO - Neue Daten empfangen: [128, 128, 142, 1]
2025-03-19 17:44:49,214 - INFO - Gesendet an /dev/ttyS0 (ESP32): 4, 128, 128, 142, 1
2025-03-19 17:44:49,315 - INFO - Antwort vom ESP32 erhalten: 4, 128, 128, 142, 1
2025-03-19 17:44:49,416 - INFO - Neue Daten empfangen: [128, 128, 145, 55]
2025-03-19 17:44:49,416 - INFO - Gesendet an /dev/ttyS0 (ESP32): 4, 128, 128, 145, 55
2025-03-19 17:44:49,518 - INFO - Antwort vom ESP32 erhalten: 4, 128, 128, 145, 55
2025-03-19 17:44:49,620 - INFO - Neue Daten empfangen: [128, 128, 147, 148]
2025-03-19 17:44:49,620 - INFO - Gesendet an /dev/ttyS0 (ESP32): 4, 128, 128, 147, 148
2025-03-19 17:44:49,721 - INFO - Antwort vom ESP32 erhalten: 4, 128, 128, 147, 148
2025-03-19 17:44:49,823 - INFO - Neue Daten empfangen: [128, 128, 96, 55]
2025-03-19 17:44:49,823 - INFO - Gesendet an /dev/ttyS0 (ESP32): 4, 128, 128, 96, 55
2025-03-19 17:44:49,925 - INFO - Antwort vom ESP32 erhalten: 4, 128, 128, 96, 55
2025-03-19 17:44:50,025 - INFO - Neue Daten empfangen: [128, 128, 140, 1]
2025-03-19 17:44:50,026 - INFO - Gesendet an /dev/ttyS0 (ESP32): 4, 128, 128, 140, 1
2025-03-19 17:44:50,127 - INFO - Antwort vom ESP32 erhalten: 4, 128, 128, 140, 1
2025-03-19 17:44:50,228 - INFO - Neue Daten empfangen: [128, 128, 134, 0]
2025-03-19 17:44:50,229 - INFO - Gesendet an /dev/ttyS0 (ESP32): 4, 128, 128, 134, 0
2025-03-19 17:44:50,330 - INFO - Antwort vom ESP32 erhalten: 4, 128, 128, 134, 0
2025-03-19 17:44:50,431 - INFO - Neue Daten empfangen: [128, 128, 127, 0]
2025-03-19 17:44:50,431 - INFO - Gesendet an /dev/ttyS0 (ESP32): 4, 128, 128, 127, 0
2025-03-19 17:44:50,533 - INFO - Antwort vom ESP32 erhalten: 4, 128, 128, 127, 0
2025-03-19 17:44:50,633 - INFO - Neue Daten empfangen: [128, 128, 126, 0]
2025-03-19 17:44:50,634 - INFO - Gesendet an /dev/ttyS0 (ESP32): 4, 128, 128, 126, 0
2025-03-19 17:44:50,735 - INFO - Antwort vom ESP32 erhalten: 4, 128, 128, 126, 0
2025-03-19 17:44:50,836 - INFO - Neue Daten empfangen: [128, 128, 127, 0]
2025-03-19 17:44:50,836 - INFO - Gesendet an /dev/ttyS0 (ESP32): 4, 128, 128, 127, 0
2025-03-19 17:44:50,938 - INFO - Antwort vom ESP32 erhalten: 4, 128, 128, 127, 0
2025-03-19 17:44:51,140 - INFO - Neue Daten empfangen: [128, 128, 124, 0]
2025-03-19 17:44:51,140 - INFO - Gesendet an /dev/ttyS0 (ESP32): 4, 128, 128, 124, 0
2025-03-19 17:44:51,242 - INFO - Antwort vom ESP32 erhalten: 4, 128, 128, 124, 0
2025-03-19 17:44:51,343 - INFO - Neue Daten empfangen: [128, 128, 121, 0]
2025-03-19 17:44:51,343 - INFO - Gesendet an /dev/ttyS0 (ESP32): 4, 128, 128, 121, 0
2025-03-19 17:44:51,445 - INFO - Antwort vom ESP32 erhalten: 4, 128, 128, 121, 0
2025-03-19 17:44:51,546 - INFO - Neue Daten empfangen: [128, 128, 110, 7]
2025-03-19 17:44:51,546 - INFO - Gesendet an /dev/ttyS0 (ESP32): 4, 128, 128, 110, 7
2025-03-19 17:44:51,647 - INFO - Antwort vom ESP32 erhalten: 4, 128, 128, 110, 7
2025-03-19 17:44:51,748 - INFO - Neue Daten empfangen: [128, 128, 110, 21]
2025-03-19 17:44:51,749 - INFO - Gesendet an /dev/ttyS0 (ESP32): 4, 128, 128, 110, 21
2025-03-19 17:44:51,850 - INFO - Antwort vom ESP32 erhalten: 4, 128, 128, 110, 21
2025-03-19 17:44:51,951 - INFO - Neue Daten empfangen: [128, 128, 110, 28]
2025-03-19 17:44:51,951 - INFO - Gesendet an /dev/ttyS0 (ESP32): 4, 128, 128, 110, 28
2025-03-19 17:44:52,053 - INFO - Antwort vom ESP32 erhalten: 4, 128, 128, 110, 28
2025-03-19 17:44:52,153 - INFO - Neue Daten empfangen: [128, 128, 116, 77]
2025-03-19 17:44:52,154 - INFO - Gesendet an /dev/ttyS0 (ESP32): 4, 128, 128, 116, 77
2025-03-19 17:44:52,255 - INFO - Antwort vom ESP32 erhalten: 4, 128, 128, 116, 77
2025-03-19 17:44:52,357 - INFO - Neue Daten empfangen: [128, 128, 118, 136]
2025-03-19 17:44:52,357 - INFO - Gesendet an /dev/ttyS0 (ESP32): 4, 128, 128, 118, 136
2025-03-19 17:44:52,458 - INFO - Antwort vom ESP32 erhalten: 4, 128, 128, 118, 136
2025-03-19 17:44:52,560 - INFO - Neue Daten empfangen: [128, 128, 118, 186]
2025-03-19 17:44:52,560 - INFO - Gesendet an /dev/ttyS0 (ESP32): 4, 128, 128, 118, 186
2025-03-19 17:44:52,662 - INFO - Antwort vom ESP32 erhalten: 4, 128, 128, 118, 186
2025-03-19 17:44:52,762 - INFO - Neue Daten empfangen: [128, 128, 120, 218]
2025-03-19 17:44:52,763 - INFO - Gesendet an /dev/ttyS0 (ESP32): 4, 128, 128, 120, 218
2025-03-19 17:44:52,864 - INFO - Antwort vom ESP32 erhalten: 4, 128, 128, 120, 218
2025-03-19 17:44:52,966 - INFO - Neue Daten empfangen: [128, 128, 123, 240]
2025-03-19 17:44:52,966 - INFO - Gesendet an /dev/ttyS0 (ESP32): 4, 128, 128, 123, 240
2025-03-19 17:44:53,068 - INFO - Antwort vom ESP32 erhalten: 4, 128, 128, 123, 240
2025-03-19 17:44:53,168 - INFO - Neue Daten empfangen: [128, 128, 115, 218]
2025-03-19 17:44:53,169 - INFO - Gesendet an /dev/ttyS0 (ESP32): 4, 128, 128, 115, 218
2025-03-19 17:44:53,270 - INFO - Antwort vom ESP32 erhalten: 4, 128, 128, 115, 218
2025-03-19 17:44:53,371 - INFO - Neue Daten empfangen: [128, 128, 50, 184]
2025-03-19 17:44:53,372 - INFO - Gesendet an /dev/ttyS0 (ESP32): 4, 128, 128, 50, 184
2025-03-19 17:44:53,473 - INFO - Antwort vom ESP32 erhalten: 4, 128, 128, 50, 184
2025-03-19 17:44:53,574 - INFO - Neue Daten empfangen: [128, 128, 36, 179]
2025-03-19 17:44:53,574 - INFO - Gesendet an /dev/ttyS0 (ESP32): 4, 128, 128, 36, 179
2025-03-19 17:44:53,676 - INFO - Antwort vom ESP32 erhalten: 4, 128, 128, 36, 179
2025-03-19 17:44:53,777 - INFO - Neue Daten empfangen: [128, 128, 33, 177]
2025-03-19 17:44:53,778 - INFO - Gesendet an /dev/ttyS0 (ESP32): 4, 128, 128, 33, 177
2025-03-19 17:44:53,879 - INFO - Antwort vom ESP32 erhalten: 4, 128, 128, 33, 177
2025-03-19 17:44:53,980 - INFO - Neue Daten empfangen: [128, 128, 103, 164]
2025-03-19 17:44:53,981 - INFO - Gesendet an /dev/ttyS0 (ESP32): 4, 128, 128, 103, 164
2025-03-19 17:44:54,082 - INFO - Antwort vom ESP32 erhalten: 4, 128, 128, 103, 164
2025-03-19 17:44:54,183 - INFO - Neue Daten empfangen: [128, 128, 196, 147]
2025-03-19 17:44:54,183 - INFO - Gesendet an /dev/ttyS0 (ESP32): 4, 128, 128, 196, 147
2025-03-19 17:44:54,284 - INFO - Antwort vom ESP32 erhalten: 4, 128, 128, 196, 147
2025-03-19 17:44:54,385 - INFO - Neue Daten empfangen: [128, 128, 128, 128]
2025-03-19 17:44:54,386 - INFO - Gesendet an /dev/ttyS0 (ESP32): 4, 128, 128, 128, 128
2025-03-19 17:44:54,487 - INFO - Antwort vom ESP32 erhalten: 4, 128, 128, 128, 128
2025-03-19 17:44:54,990 - INFO - Neue Daten empfangen: [156, 99, 128, 128]
2025-03-19 17:44:54,990 - INFO - Gesendet an /dev/ttyS0 (ESP32): 4, 156, 99, 128, 128
2025-03-19 17:44:55,091 - INFO - Antwort vom ESP32 erhalten: 4, 156, 99, 128, 128
2025-03-19 17:44:55,192 - INFO - Neue Daten empfangen: [214, 97, 128, 128]
2025-03-19 17:44:55,192 - INFO - Gesendet an /dev/ttyS0 (ESP32): 4, 214, 97, 128, 128
2025-03-19 17:44:55,293 - INFO - Antwort vom ESP32 erhalten: 4, 214, 97, 128, 128
2025-03-19 17:44:55,394 - INFO - Neue Daten empfangen: [234, 99, 128, 128]
2025-03-19 17:44:55,395 - INFO - Gesendet an /dev/ttyS0 (ESP32): 4, 234, 99, 128, 128
2025-03-19 17:44:55,495 - INFO - Antwort vom ESP32 erhalten: 4, 234, 99, 128, 128
2025-03-19 17:44:55,797 - INFO - Neue Daten empfangen: [234, 101, 128, 128]
2025-03-19 17:44:55,797 - INFO - Gesendet an /dev/ttyS0 (ESP32): 4, 234, 101, 128, 128
2025-03-19 17:44:55,900 - INFO - Antwort vom ESP32 erhalten: 4, 234, 101, 128, 128
2025-03-19 17:44:56,002 - INFO - Neue Daten empfangen: [229, 104, 128, 128]
2025-03-19 17:44:56,002 - INFO - Gesendet an /dev/ttyS0 (ESP32): 4, 229, 104, 128, 128
2025-03-19 17:44:56,103 - INFO - Antwort vom ESP32 erhalten: 4, 229, 104, 128, 128
2025-03-19 17:44:56,204 - INFO - Neue Daten empfangen: [217, 106, 128, 128]
2025-03-19 17:44:56,204 - INFO - Gesendet an /dev/ttyS0 (ESP32): 4, 217, 106, 128, 128
2025-03-19 17:44:56,305 - INFO - Antwort vom ESP32 erhalten: 4, 217, 106, 128, 128
2025-03-19 17:44:56,406 - INFO - Neue Daten empfangen: [204, 101, 128, 128]
2025-03-19 17:44:56,406 - INFO - Gesendet an /dev/ttyS0 (ESP32): 4, 204, 101, 128, 128
2025-03-19 17:44:56,507 - INFO - Antwort vom ESP32 erhalten: 4, 204, 101, 128, 128
2025-03-19 17:44:56,607 - INFO - Neue Daten empfangen: [199, 56, 128, 128]
2025-03-19 17:44:56,608 - INFO - Gesendet an /dev/ttyS0 (ESP32): 4, 199, 56, 128, 128
2025-03-19 17:44:56,708 - INFO - Antwort vom ESP32 erhalten: 4, 199, 56, 128, 128
2025-03-19 17:44:56,809 - INFO - Neue Daten empfangen: [194, 46, 128, 128]
2025-03-19 17:44:56,810 - INFO - Gesendet an /dev/ttyS0 (ESP32): 4, 194, 46, 128, 128
2025-03-19 17:44:56,911 - INFO - Antwort vom ESP32 erhalten: 4, 194, 46, 128, 128
2025-03-19 17:44:57,013 - INFO - Neue Daten empfangen: [190, 72, 128, 128]
2025-03-19 17:44:57,013 - INFO - Gesendet an /dev/ttyS0 (ESP32): 4, 190, 72, 128, 128
2025-03-19 17:44:57,114 - INFO - Antwort vom ESP32 erhalten: 4, 190, 72, 128, 128
2025-03-19 17:44:57,215 - INFO - Neue Daten empfangen: [170, 182, 128, 128]
2025-03-19 17:44:57,216 - INFO - Gesendet an /dev/ttyS0 (ESP32): 4, 170, 182, 128, 128
2025-03-19 17:44:57,317 - INFO - Antwort vom ESP32 erhalten: 4, 170, 182, 128, 128
2025-03-19 17:44:57,418 - INFO - Neue Daten empfangen: [165, 82, 128, 128]
2025-03-19 17:44:57,418 - INFO - Gesendet an /dev/ttyS0 (ESP32): 4, 165, 82, 128, 128
2025-03-19 17:44:57,519 - INFO - Antwort vom ESP32 erhalten: 4, 165, 82, 128, 128
2025-03-19 17:44:57,621 - INFO - Neue Daten empfangen: [165, 84, 128, 128]
2025-03-19 17:44:57,622 - INFO - Gesendet an /dev/ttyS0 (ESP32): 4, 165, 84, 128, 128
2025-03-19 17:44:57,722 - INFO - Antwort vom ESP32 erhalten: 4, 165, 84, 128, 128
2025-03-19 17:44:57,824 - INFO - Neue Daten empfangen: [170, 136, 128, 128]
2025-03-19 17:44:57,824 - INFO - Gesendet an /dev/ttyS0 (ESP32): 4, 170, 136, 128, 128
2025-03-19 17:44:57,925 - INFO - Antwort vom ESP32 erhalten: 4, 170, 136, 128, 128
2025-03-19 17:44:58,026 - INFO - Neue Daten empfangen: [161, 39, 128, 128]
2025-03-19 17:44:58,026 - INFO - Gesendet an /dev/ttyS0 (ESP32): 4, 161, 39, 128, 128
2025-03-19 17:44:58,127 - INFO - Antwort vom ESP32 erhalten: 4, 161, 39, 128, 128
2025-03-19 17:44:58,228 - INFO - Neue Daten empfangen: [128, 128, 128, 128]
2025-03-19 17:44:58,229 - INFO - Gesendet an /dev/ttyS0 (ESP32): 4, 128, 128, 128, 128
2025-03-19 17:44:58,329 - INFO - Antwort vom ESP32 erhalten: 4, 128, 128, 128, 128
2025-03-19 17:45:54,395 - INFO - Neue Daten empfangen: [128, 128, 113, 63]
2025-03-19 17:45:54,397 - INFO - Gesendet an /dev/ttyS0 (ESP32): 4, 128, 128, 113, 63
2025-03-19 17:45:54,498 - INFO - Antwort vom ESP32 erhalten: 4, 128, 128, 113, 63
2025-03-19 17:45:54,600 - INFO - Neue Daten empfangen: [128, 128, 113, 1]
2025-03-19 17:45:54,600 - INFO - Gesendet an /dev/ttyS0 (ESP32): 4, 128, 128, 113, 1
2025-03-19 17:45:54,702 - INFO - Antwort vom ESP32 erhalten: 4, 128, 128, 113, 1
2025-03-19 17:45:54,803 - INFO - Neue Daten empfangen: [128, 128, 114, 1]
2025-03-19 17:45:54,803 - INFO - Gesendet an /dev/ttyS0 (ESP32): 4, 128, 128, 114, 1
2025-03-19 17:45:54,905 - INFO - Antwort vom ESP32 erhalten: 4, 128, 128, 114, 1
2025-03-19 17:45:55,006 - INFO - Neue Daten empfangen: [128, 128, 112, 1]
2025-03-19 17:45:55,007 - INFO - Gesendet an /dev/ttyS0 (ESP32): 4, 128, 128, 112, 1
2025-03-19 17:45:55,108 - INFO - Antwort vom ESP32 erhalten: 4, 128, 128, 112, 1
2025-03-19 17:45:55,610 - INFO - Neue Daten empfangen: [128, 128, 114, 1]
2025-03-19 17:45:55,611 - INFO - Gesendet an /dev/ttyS0 (ESP32): 4, 128, 128, 114, 1
2025-03-19 17:45:55,712 - INFO - Antwort vom ESP32 erhalten: 4, 128, 128, 114, 1
2025-03-19 17:45:55,814 - INFO - Neue Daten empfangen: [128, 128, 120, 0]
2025-03-19 17:45:55,815 - INFO - Gesendet an /dev/ttyS0 (ESP32): 4, 128, 128, 120, 0
2025-03-19 17:45:55,916 - INFO - Antwort vom ESP32 erhalten: 4, 128, 128, 120, 0
2025-03-19 17:45:56,017 - INFO - Neue Daten empfangen: [128, 128, 123, 0]
2025-03-19 17:45:56,017 - INFO - Gesendet an /dev/ttyS0 (ESP32): 4, 128, 128, 123, 0
2025-03-19 17:45:56,119 - INFO - Antwort vom ESP32 erhalten: 4, 128, 128, 123, 0
2025-03-19 17:45:56,321 - INFO - Neue Daten empfangen: [128, 128, 124, 0]
2025-03-19 17:45:56,322 - INFO - Gesendet an /dev/ttyS0 (ESP32): 4, 128, 128, 124, 0
2025-03-19 17:45:56,423 - INFO - Antwort vom ESP32 erhalten: 4, 128, 128, 124, 0
2025-03-19 17:45:56,524 - INFO - Neue Daten empfangen: [128, 128, 126, 0]
2025-03-19 17:45:56,524 - INFO - Gesendet an /dev/ttyS0 (ESP32): 4, 128, 128, 126, 0
2025-03-19 17:45:56,626 - INFO - Antwort vom ESP32 erhalten: 4, 128, 128, 126, 0
2025-03-19 17:45:56,727 - INFO - Neue Daten empfangen: [128, 128, 127, 0]
2025-03-19 17:45:56,728 - INFO - Gesendet an /dev/ttyS0 (ESP32): 4, 128, 128, 127, 0
2025-03-19 17:45:56,829 - INFO - Antwort vom ESP32 erhalten: 4, 128, 128, 127, 0
2025-03-19 17:46:01,049 - INFO - Neue Daten empfangen: [128, 128, 128, 128]
2025-03-19 17:46:01,049 - INFO - Gesendet an /dev/ttyS0 (ESP32): 4, 128, 128, 128, 128
2025-03-19 17:46:01,151 - INFO - Antwort vom ESP32 erhalten: 4, 128, 128, 128, 128
2025-03-19 17:47:06,867 - INFO - connection closed
2025-03-19 17:47:06,868 - WARNING - Removed streaming client ('192.168.1.241', 55434): [Errno 32] Broken pipe
2025-03-19 17:47:06,873 - INFO - Received GET request: /stream.mjpg
2025-03-19 17:47:11,866 - WARNING - Removed streaming client ('192.168.1.241', 55437): [Errno 32] Broken pipe
2025-03-19 17:47:11,884 - INFO - Received GET request: /stream.mjpg
2025-03-19 17:47:35,679 - INFO - connection open
2025-03-19 17:47:35,685 - INFO - Received GET request: /stream.mjpg
2025-03-19 17:47:35,693 - WARNING - Removed streaming client ('192.168.1.241', 55438): [Errno 32] Broken pipe
2025-03-19 17:47:37,222 - INFO - Neue Daten empfangen: [128, 128, 121, 85]
2025-03-19 17:47:37,222 - INFO - Gesendet an /dev/ttyS0 (ESP32): 4, 128, 128, 121, 85
2025-03-19 17:47:37,323 - INFO - Antwort vom ESP32 erhalten: 4, 128, 128, 121, 85
2025-03-19 17:47:37,424 - INFO - Neue Daten empfangen: [128, 128, 161, 65]
2025-03-19 17:47:37,424 - INFO - Gesendet an /dev/ttyS0 (ESP32): 4, 128, 128, 161, 65
2025-03-19 17:47:37,525 - INFO - Antwort vom ESP32 erhalten: 4, 128, 128, 161, 65
2025-03-19 17:47:37,625 - INFO - Neue Daten empfangen: [128, 128, 133, 111]
2025-03-19 17:47:37,626 - INFO - Gesendet an /dev/ttyS0 (ESP32): 4, 128, 128, 133, 111
2025-03-19 17:47:37,727 - INFO - Antwort vom ESP32 erhalten: 4, 128, 128, 133, 111
2025-03-19 17:47:37,829 - INFO - Neue Daten empfangen: [128, 128, 137, 111]
2025-03-19 17:47:37,829 - INFO - Gesendet an /dev/ttyS0 (ESP32): 4, 128, 128, 137, 111
2025-03-19 17:47:37,930 - INFO - Antwort vom ESP32 erhalten: 4, 128, 128, 137, 111
2025-03-19 17:47:38,032 - INFO - Neue Daten empfangen: [128, 128, 137, 106]
2025-03-19 17:47:38,032 - INFO - Gesendet an /dev/ttyS0 (ESP32): 4, 128, 128, 137, 106
2025-03-19 17:47:38,134 - INFO - Antwort vom ESP32 erhalten: 4, 128, 128, 137, 106
2025-03-19 17:47:38,234 - INFO - Neue Daten empfangen: [128, 128, 118, 53]
2025-03-19 17:47:38,235 - INFO - Gesendet an /dev/ttyS0 (ESP32): 4, 128, 128, 118, 53
2025-03-19 17:47:38,336 - INFO - Antwort vom ESP32 erhalten: 4, 128, 128, 118, 53
2025-03-19 17:47:38,437 - INFO - Neue Daten empfangen: [128, 128, 118, 26]
2025-03-19 17:47:38,438 - INFO - Gesendet an /dev/ttyS0 (ESP32): 4, 128, 128, 118, 26
2025-03-19 17:47:38,539 - INFO - Antwort vom ESP32 erhalten: 4, 128, 128, 118, 26
2025-03-19 17:47:38,640 - INFO - Neue Daten empfangen: [128, 128, 118, 92]
2025-03-19 17:47:38,641 - INFO - Gesendet an /dev/ttyS0 (ESP32): 4, 128, 128, 118, 92
2025-03-19 17:47:38,742 - INFO - Antwort vom ESP32 erhalten: 4, 128, 128, 118, 92
2025-03-19 17:47:38,844 - INFO - Neue Daten empfangen: [128, 128, 132, 194]
2025-03-19 17:47:38,844 - INFO - Gesendet an /dev/ttyS0 (ESP32): 4, 128, 128, 132, 194
2025-03-19 17:47:38,946 - INFO - Antwort vom ESP32 erhalten: 4, 128, 128, 132, 194
2025-03-19 17:47:39,047 - INFO - Neue Daten empfangen: [128, 128, 137, 226]
2025-03-19 17:47:39,047 - INFO - Gesendet an /dev/ttyS0 (ESP32): 4, 128, 128, 137, 226
2025-03-19 17:47:39,149 - INFO - Antwort vom ESP32 erhalten: 4, 128, 128, 137, 226
2025-03-19 17:47:39,250 - INFO - Neue Daten empfangen: [128, 128, 128, 128]
2025-03-19 17:47:39,251 - INFO - Gesendet an /dev/ttyS0 (ESP32): 4, 128, 128, 128, 128
2025-03-19 17:47:39,352 - INFO - Antwort vom ESP32 erhalten: 4, 128, 128, 128, 128
2025-03-19 17:48:29,511 - WARNING - Removed streaming client ('192.168.1.241', 55441): [Errno 32] Broken pipe
2025-03-19 17:48:29,539 - INFO - connection open
2025-03-19 17:48:29,541 - INFO - connection closed
2025-03-19 17:48:29,545 - INFO - Received GET request: /stream.mjpg
2025-03-19 17:48:30,306 - INFO - Neue Daten empfangen: [128, 128, 133, 158]
2025-03-19 17:48:30,306 - INFO - Gesendet an /dev/ttyS0 (ESP32): 4, 128, 128, 133, 158
2025-03-19 17:48:30,407 - INFO - Antwort vom ESP32 erhalten: 4, 128, 128, 133, 158
2025-03-19 17:48:30,509 - INFO - Neue Daten empfangen: [128, 128, 127, 197]
2025-03-19 17:48:30,510 - INFO - Gesendet an /dev/ttyS0 (ESP32): 4, 128, 128, 127, 197
2025-03-19 17:48:30,611 - INFO - Antwort vom ESP32 erhalten: 4, 128, 128, 127, 197
2025-03-19 17:48:30,712 - INFO - Neue Daten empfangen: [128, 128, 127, 202]
2025-03-19 17:48:30,712 - INFO - Gesendet an /dev/ttyS0 (ESP32): 4, 128, 128, 127, 202
2025-03-19 17:48:30,813 - INFO - Antwort vom ESP32 erhalten: 4, 128, 128, 127, 202
2025-03-19 17:48:30,914 - INFO - Neue Daten empfangen: [128, 128, 125, 204]
2025-03-19 17:48:30,914 - INFO - Gesendet an /dev/ttyS0 (ESP32): 4, 128, 128, 125, 204
2025-03-19 17:48:31,015 - INFO - Antwort vom ESP32 erhalten: 4, 128, 128, 125, 204
2025-03-19 17:48:31,116 - INFO - Neue Daten empfangen: [128, 128, 120, 208]
2025-03-19 17:48:31,116 - INFO - Gesendet an /dev/ttyS0 (ESP32): 4, 128, 128, 120, 208
2025-03-19 17:48:31,217 - INFO - Antwort vom ESP32 erhalten: 4, 128, 128, 120, 208
2025-03-19 17:48:31,318 - INFO - Neue Daten empfangen: [128, 128, 118, 209]
2025-03-19 17:48:31,318 - INFO - Gesendet an /dev/ttyS0 (ESP32): 4, 128, 128, 118, 209
2025-03-19 17:48:31,420 - INFO - Antwort vom ESP32 erhalten: 4, 128, 128, 118, 209
2025-03-19 17:48:31,521 - INFO - Neue Daten empfangen: [128, 128, 113, 213]
2025-03-19 17:48:31,521 - INFO - Gesendet an /dev/ttyS0 (ESP32): 4, 128, 128, 113, 213
2025-03-19 17:48:31,622 - INFO - Antwort vom ESP32 erhalten: 4, 128, 128, 113, 213
2025-03-19 17:48:31,723 - INFO - Neue Daten empfangen: [128, 128, 101, 211]
2025-03-19 17:48:31,723 - INFO - Gesendet an /dev/ttyS0 (ESP32): 4, 128, 128, 101, 211
2025-03-19 17:48:31,825 - INFO - Antwort vom ESP32 erhalten: 4, 128, 128, 101, 211
2025-03-19 17:48:31,925 - INFO - Neue Daten empfangen: [128, 128, 86, 202]
2025-03-19 17:48:31,926 - INFO - Gesendet an /dev/ttyS0 (ESP32): 4, 128, 128, 86, 202
2025-03-19 17:48:32,028 - INFO - Antwort vom ESP32 erhalten: 4, 128, 128, 86, 202
2025-03-19 17:48:32,129 - INFO - Neue Daten empfangen: [128, 128, 77, 196]
2025-03-19 17:48:32,129 - INFO - Gesendet an /dev/ttyS0 (ESP32): 4, 128, 128, 77, 196
2025-03-19 17:48:32,231 - INFO - Antwort vom ESP32 erhalten: 4, 128, 128, 77, 196
2025-03-19 17:48:32,333 - INFO - Neue Daten empfangen: [128, 128, 65, 191]
2025-03-19 17:48:32,334 - INFO - Gesendet an /dev/ttyS0 (ESP32): 4, 128, 128, 65, 191
2025-03-19 17:48:32,435 - INFO - Antwort vom ESP32 erhalten: 4, 128, 128, 65, 191
2025-03-19 17:48:32,536 - INFO - Neue Daten empfangen: [128, 128, 60, 187]
2025-03-19 17:48:32,537 - INFO - Gesendet an /dev/ttyS0 (ESP32): 4, 128, 128, 60, 187
2025-03-19 17:48:32,638 - INFO - Antwort vom ESP32 erhalten: 4, 128, 128, 60, 187
2025-03-19 17:48:32,739 - INFO - Neue Daten empfangen: [128, 128, 53, 182]
2025-03-19 17:48:32,740 - INFO - Gesendet an /dev/ttyS0 (ESP32): 4, 128, 128, 53, 182
2025-03-19 17:48:32,841 - INFO - Antwort vom ESP32 erhalten: 4, 128, 128, 53, 182
2025-03-19 17:48:32,942 - INFO - Neue Daten empfangen: [128, 128, 99, 197]
2025-03-19 17:48:32,943 - INFO - Gesendet an /dev/ttyS0 (ESP32): 4, 128, 128, 99, 197
2025-03-19 17:48:33,044 - INFO - Antwort vom ESP32 erhalten: 4, 128, 128, 99, 197
2025-03-19 17:48:33,145 - INFO - Neue Daten empfangen: [128, 128, 157, 202]
2025-03-19 17:48:33,145 - INFO - Gesendet an /dev/ttyS0 (ESP32): 4, 128, 128, 157, 202
2025-03-19 17:48:33,247 - INFO - Antwort vom ESP32 erhalten: 4, 128, 128, 157, 202
2025-03-19 17:48:33,348 - INFO - Neue Daten empfangen: [128, 128, 191, 194]
2025-03-19 17:48:33,349 - INFO - Gesendet an /dev/ttyS0 (ESP32): 4, 128, 128, 191, 194
2025-03-19 17:48:33,451 - INFO - Antwort vom ESP32 erhalten: 4, 128, 128, 191, 194
2025-03-19 17:48:33,551 - INFO - Neue Daten empfangen: [128, 128, 218, 184]
2025-03-19 17:48:33,552 - INFO - Gesendet an /dev/ttyS0 (ESP32): 4, 128, 128, 218, 184
2025-03-19 17:48:33,655 - INFO - Antwort vom ESP32 erhalten: 4, 128, 128, 218, 184
2025-03-19 17:48:33,757 - INFO - Neue Daten empfangen: [128, 128, 232, 174]
2025-03-19 17:48:33,757 - INFO - Gesendet an /dev/ttyS0 (ESP32): 4, 128, 128, 232, 174
2025-03-19 17:48:33,859 - INFO - Antwort vom ESP32 erhalten: 4, 128, 128, 232, 174
2025-03-19 17:48:33,960 - INFO - Neue Daten empfangen: [128, 128, 235, 170]
2025-03-19 17:48:33,961 - INFO - Gesendet an /dev/ttyS0 (ESP32): 4, 128, 128, 235, 170
2025-03-19 17:48:34,063 - INFO - Antwort vom ESP32 erhalten: 4, 128, 128, 235, 170
2025-03-19 17:48:34,165 - INFO - Neue Daten empfangen: [128, 128, 147, 128]
2025-03-19 17:48:34,165 - INFO - Gesendet an /dev/ttyS0 (ESP32): 4, 128, 128, 147, 128
2025-03-19 17:48:34,266 - INFO - Antwort vom ESP32 erhalten: 4, 128, 128, 147, 128
2025-03-19 17:48:34,368 - INFO - Neue Daten empfangen: [128, 128, 162, 136]
2025-03-19 17:48:34,368 - INFO - Gesendet an /dev/ttyS0 (ESP32): 4, 128, 128, 162, 136
2025-03-19 17:48:34,470 - INFO - Antwort vom ESP32 erhalten: 4, 128, 128, 162, 136
2025-03-19 17:48:34,571 - INFO - Neue Daten empfangen: [128, 128, 128, 128]
2025-03-19 17:48:34,572 - INFO - Gesendet an /dev/ttyS0 (ESP32): 4, 128, 128, 128, 128
2025-03-19 17:48:34,673 - INFO - Antwort vom ESP32 erhalten: 4, 128, 128, 128, 128
2025-03-19 17:48:35,076 - INFO - Neue Daten empfangen: [153, 141, 128, 128]
2025-03-19 17:48:35,076 - INFO - Gesendet an /dev/ttyS0 (ESP32): 4, 153, 141, 128, 128
2025-03-19 17:48:35,177 - INFO - Antwort vom ESP32 erhalten: 4, 153, 141, 128, 128
2025-03-19 17:48:35,278 - INFO - Neue Daten empfangen: [171, 151, 128, 128]
2025-03-19 17:48:35,279 - INFO - Gesendet an /dev/ttyS0 (ESP32): 4, 171, 151, 128, 128
2025-03-19 17:48:35,380 - INFO - Antwort vom ESP32 erhalten: 4, 171, 151, 128, 128
2025-03-19 17:48:35,582 - INFO - Neue Daten empfangen: [173, 153, 128, 128]
2025-03-19 17:48:35,582 - INFO - Gesendet an /dev/ttyS0 (ESP32): 4, 173, 153, 128, 128
2025-03-19 17:48:35,684 - INFO - Antwort vom ESP32 erhalten: 4, 173, 153, 128, 128
2025-03-19 17:48:35,785 - INFO - Neue Daten empfangen: [177, 202, 128, 128]
2025-03-19 17:48:35,785 - INFO - Gesendet an /dev/ttyS0 (ESP32): 4, 177, 202, 128, 128
2025-03-19 17:48:35,886 - INFO - Antwort vom ESP32 erhalten: 4, 177, 202, 128, 128
2025-03-19 17:48:35,988 - INFO - Neue Daten empfangen: [190, 151, 128, 128]
2025-03-19 17:48:35,988 - INFO - Gesendet an /dev/ttyS0 (ESP32): 4, 190, 151, 128, 128
2025-03-19 17:48:36,089 - INFO - Antwort vom ESP32 erhalten: 4, 190, 151, 128, 128
2025-03-19 17:48:36,190 - INFO - Neue Daten empfangen: [165, 148, 128, 128]
2025-03-19 17:48:36,191 - INFO - Gesendet an /dev/ttyS0 (ESP32): 4, 165, 148, 128, 128
2025-03-19 17:48:36,293 - INFO - Antwort vom ESP32 erhalten: 4, 165, 148, 128, 128
2025-03-19 17:48:36,395 - INFO - Neue Daten empfangen: [131, 112, 128, 128]
2025-03-19 17:48:36,395 - INFO - Gesendet an /dev/ttyS0 (ESP32): 4, 131, 112, 128, 128
2025-03-19 17:48:36,496 - INFO - Antwort vom ESP32 erhalten: 4, 131, 112, 128, 128
2025-03-19 17:48:36,598 - INFO - Neue Daten empfangen: [156, 112, 128, 128]
2025-03-19 17:48:36,598 - INFO - Gesendet an /dev/ttyS0 (ESP32): 4, 156, 112, 128, 128
2025-03-19 17:48:36,702 - INFO - Antwort vom ESP32 erhalten: 4, 156, 112, 128, 128
2025-03-19 17:48:36,803 - INFO - Neue Daten empfangen: [128, 128, 128, 128]
2025-03-19 17:48:36,804 - INFO - Gesendet an /dev/ttyS0 (ESP32): 4, 128, 128, 128, 128
2025-03-19 17:48:36,905 - INFO - Antwort vom ESP32 erhalten: 4, 128, 128, 128, 128
